<?xml version="1.0" encoding="UTF-8"?>
<!-- Generated by org.testng.reporters.JUnitXMLReporter -->
<testsuite ignored="0" hostname="DESKTOP-0O87H1S" failures="0" tests="3" name="Default test" time="133.387" errors="0" timestamp="2024-04-01T14:48:16 BDT">
  <testcase classname="com.bd.WebAutomation" name="openUrl" time="4.805"/>
  <testcase classname="com.bd.WebAutomation" name="token" time="2.893"/>
  <testcase classname="com.bd.WebAutomation" name="testLocators" time="125.663"/>
</testsuite> <!-- Default test -->
