<?xml version="1.0" encoding="UTF-8"?>
<testng-results ignored="0" total="3" passed="3" failed="0" skipped="0">
  <reporter-output>
  </reporter-output>
  <suite started-at="2024-04-01T14:46:02 BDT" name="Default suite" finished-at="2024-04-01T14:48:16 BDT" duration-ms="133387">
    <groups>
    </groups>
    <test started-at="2024-04-01T14:46:02 BDT" name="Default test" finished-at="2024-04-01T14:48:16 BDT" duration-ms="133387">
      <class name="com.bd.WebAutomation">
        <test-method is-config="true" signature="start()[pri:0, instance:com.bd.WebAutomation@1189dd52]" started-at="2024-04-01T14:45:57 BDT" name="start" finished-at="2024-04-01T14:46:02 BDT" duration-ms="4994" status="PASS">
          <reporter-output>
          </reporter-output>
        </test-method> <!-- start -->
        <test-method signature="openUrl()[pri:0, instance:com.bd.WebAutomation@1189dd52]" started-at="2024-04-01T14:46:02 BDT" name="openUrl" finished-at="2024-04-01T14:46:07 BDT" duration-ms="4805" status="PASS">
          <reporter-output>
          </reporter-output>
        </test-method> <!-- openUrl -->
        <test-method signature="token()[pri:1, instance:com.bd.WebAutomation@1189dd52]" started-at="2024-04-01T14:46:07 BDT" name="token" finished-at="2024-04-01T14:46:10 BDT" duration-ms="2893" status="PASS">
          <reporter-output>
          </reporter-output>
        </test-method> <!-- token -->
        <test-method signature="testLocators()[pri:2, instance:com.bd.WebAutomation@1189dd52]" started-at="2024-04-01T14:46:10 BDT" name="testLocators" finished-at="2024-04-01T14:48:16 BDT" duration-ms="125663" status="PASS">
          <reporter-output>
          </reporter-output>
        </test-method> <!-- testLocators -->
        <test-method is-config="true" signature="end()[pri:0, instance:com.bd.WebAutomation@1189dd52]" started-at="2024-04-01T14:48:16 BDT" name="end" finished-at="2024-04-01T14:48:16 BDT" duration-ms="0" status="PASS">
          <reporter-output>
          </reporter-output>
        </test-method> <!-- end -->
      </class> <!-- com.bd.WebAutomation -->
    </test> <!-- Default test -->
  </suite> <!-- Default suite -->
</testng-results>
